This is pdfTeX, Version 3.14159265-2.6-1.40.20 (TeX Live 2019/NixOS.org) (preloaded format=pdflatex 2020.9.13)  19 SEP 2020 14:48
entering extended mode
 \write18 enabled.
 %&-line parsing enabled.
**main.tex
(./main.tex
LaTeX2e <2020-02-02> patch level 5
L3 programming layer <2020-02-25>
(/nix/store/asr71spp4mcjf0l7iky5zpnzk5khjs4g-texlive-combined-full-2019/share/t
exmf/tex/latex/base/article.cls
Document Class: article 2019/12/20 v1.4l Standard LaTeX document class

(/nix/store/asr71spp4mcjf0l7iky5zpnzk5khjs4g-texlive-combined-full-2019/share/t
exmf/tex/latex/base/size10.clo
File: size10.clo 2019/12/20 v1.4l Standard LaTeX file (size option)
)
\c@part=\count167
\c@section=\count168
\c@subsection=\count169
\c@subsubsection=\count170
\c@paragraph=\count171
\c@subparagraph=\count172
\c@figure=\count173
\c@table=\count174
\abovecaptionskip=\skip47
\belowcaptionskip=\skip48
\bibindent=\dimen134
) (./defs.tex
(/nix/store/asr71spp4mcjf0l7iky5zpnzk5khjs4g-texlive-combined-full-2019/share/t
exmf/tex/latex/preprint/fullpage.sty
Package: fullpage 1999/02/23 1.1 (PWD)
\FP@margin=\skip49
)
(/nix/store/asr71spp4mcjf0l7iky5zpnzk5khjs4g-texlive-combined-full-2019/share/t
exmf/tex/latex/amsmath/amsmath.sty
Package: amsmath 2020/01/20 v2.17e AMS math features
\@mathmargin=\skip50

For additional information on amsmath, use the `?' option.

(/nix/store/asr71spp4mcjf0l7iky5zpnzk5khjs4g-texlive-combined-full-2019/share/t
exmf/tex/latex/amsmath/amstext.sty
Package: amstext 2000/06/29 v2.01 AMS text

(/nix/store/asr71spp4mcjf0l7iky5zpnzk5khjs4g-texlive-combined-full-2019/share/t
exmf/tex/latex/amsmath/amsgen.sty
File: amsgen.sty 1999/11/30 v2.0 generic functions
\@emptytoks=\toks15
\ex@=\dimen135
))
(/nix/store/asr71spp4mcjf0l7iky5zpnzk5khjs4g-texlive-combined-full-2019/share/t
exmf/tex/latex/amsmath/amsbsy.sty
Package: amsbsy 1999/11/29 v1.2d Bold Symbols
\pmbraise@=\dimen136
)
(/nix/store/asr71spp4mcjf0l7iky5zpnzk5khjs4g-texlive-combined-full-2019/share/t
exmf/tex/latex/amsmath/amsopn.sty
Package: amsopn 2016/03/08 v2.02 operator names
)
\inf@bad=\count175
LaTeX Info: Redefining \frac on input line 227.
\uproot@=\count176
\leftroot@=\count177
LaTeX Info: Redefining \overline on input line 389.
\classnum@=\count178
\DOTSCASE@=\count179
LaTeX Info: Redefining \ldots on input line 486.
LaTeX Info: Redefining \dots on input line 489.
LaTeX Info: Redefining \cdots on input line 610.
\Mathstrutbox@=\box45
\strutbox@=\box46
\big@size=\dimen137
LaTeX Font Info:    Redeclaring font encoding OML on input line 733.
LaTeX Font Info:    Redeclaring font encoding OMS on input line 734.
\macc@depth=\count180
\c@MaxMatrixCols=\count181
\dotsspace@=\muskip16
\c@parentequation=\count182
\dspbrk@lvl=\count183
\tag@help=\toks16
\row@=\count184
\column@=\count185
\maxfields@=\count186
\andhelp@=\toks17
\eqnshift@=\dimen138
\alignsep@=\dimen139
\tagshift@=\dimen140
\tagwidth@=\dimen141
\totwidth@=\dimen142
\lineht@=\dimen143
\@envbody=\toks18
\multlinegap=\skip51
\multlinetaggap=\skip52
\mathdisplay@stack=\toks19
LaTeX Info: Redefining \[ on input line 2859.
LaTeX Info: Redefining \] on input line 2860.
)
(/nix/store/asr71spp4mcjf0l7iky5zpnzk5khjs4g-texlive-combined-full-2019/share/t
exmf/tex/latex/ncctools/nccmath.sty
Package: nccmath 2006/01/20 v1.3 Additional Math Commands (NCC)
\NCC@fracrulewidth=\dimen144
)
(/nix/store/asr71spp4mcjf0l7iky5zpnzk5khjs4g-texlive-combined-full-2019/share/t
exmf/tex/latex/minted/minted.sty
Package: minted 2017/07/19 v2.5 Yet another Pygments shim for LaTeX

(/nix/store/asr71spp4mcjf0l7iky5zpnzk5khjs4g-texlive-combined-full-2019/share/t
exmf/tex/latex/graphics/keyval.sty
Package: keyval 2014/10/28 v1.15 key=value parser (DPC)
\KV@toks@=\toks20
)
(/nix/store/asr71spp4mcjf0l7iky5zpnzk5khjs4g-texlive-combined-full-2019/share/t
exmf/tex/latex/kvoptions/kvoptions.sty
Package: kvoptions 2019/11/29 v3.13 Key value format for package options (HO)

(/nix/store/asr71spp4mcjf0l7iky5zpnzk5khjs4g-texlive-combined-full-2019/share/t
exmf/tex/generic/ltxcmds/ltxcmds.sty
Package: ltxcmds 2019/12/15 v1.24 LaTeX kernel commands for general use (HO)
)
(/nix/store/asr71spp4mcjf0l7iky5zpnzk5khjs4g-texlive-combined-full-2019/share/t
exmf/tex/generic/kvsetkeys/kvsetkeys.sty
Package: kvsetkeys 2019/12/15 v1.18 Key value parser (HO)
))
(/nix/store/asr71spp4mcjf0l7iky5zpnzk5khjs4g-texlive-combined-full-2019/share/t
exmf/tex/latex/fvextra/fvextra.sty
Package: fvextra 2019/02/04 v1.4 fvextra - extensions and patches for fancyvrb

(/nix/store/asr71spp4mcjf0l7iky5zpnzk5khjs4g-texlive-combined-full-2019/share/t
exmf/tex/latex/base/ifthen.sty
Package: ifthen 2014/09/29 v1.1c Standard LaTeX ifthen package (DPC)
)
(/nix/store/asr71spp4mcjf0l7iky5zpnzk5khjs4g-texlive-combined-full-2019/share/t
exmf/tex/latex/etoolbox/etoolbox.sty
Package: etoolbox 2019/09/21 v2.5h e-TeX tools for LaTeX (JAW)
\etb@tempcnta=\count187
)
(/nix/store/asr71spp4mcjf0l7iky5zpnzk5khjs4g-texlive-combined-full-2019/share/t
exmf/tex/latex/fancyvrb/fancyvrb.sty
Package: fancyvrb 2020/01/13 v3.5 verbatim text (tvz,hv)
\FV@CodeLineNo=\count188
\FV@InFile=\read2
\FV@TabBox=\box47
\c@FancyVerbLine=\count189
\FV@StepNumber=\count190
\FV@OutFile=\write3
)
(/nix/store/asr71spp4mcjf0l7iky5zpnzk5khjs4g-texlive-combined-full-2019/share/t
exmf/tex/latex/upquote/upquote.sty
Package: upquote 2012/04/19 v1.3 upright-quote and grave-accent glyphs in verba
tim
)
(/nix/store/asr71spp4mcjf0l7iky5zpnzk5khjs4g-texlive-combined-full-2019/share/t
exmf/tex/latex/lineno/lineno.sty
Package: lineno 2005/11/02 line numbers on paragraphs v4.41
\linenopenalty=\count191
\output=\toks21
\linenoprevgraf=\count192
\linenumbersep=\dimen145
\linenumberwidth=\dimen146
\c@linenumber=\count193
\c@pagewiselinenumber=\count194
\c@LN@truepage=\count195
\c@internallinenumber=\count196
\c@internallinenumbers=\count197
\quotelinenumbersep=\dimen147
\bframerule=\dimen148
\bframesep=\dimen149
\bframebox=\box48
LaTeX Info: Redefining \\ on input line 3056.
)
\c@FV@TrueTabGroupLevel=\count198
\c@FV@TrueTabCounter=\count199
\FV@TabBox@Group=\box49
\FV@TmpLength=\skip53
\c@FV@HighlightLinesStart=\count266
\c@FV@HighlightLinesStop=\count267
\FV@LoopCount=\count268
\FV@NCharsBox=\box50
\FV@BreakIndent=\dimen150
\FV@BreakIndentNChars=\count269
\FV@BreakSymbolSepLeft=\dimen151
\FV@BreakSymbolSepLeftNChars=\count270
\FV@BreakSymbolSepRight=\dimen152
\FV@BreakSymbolSepRightNChars=\count271
\FV@BreakSymbolIndentLeft=\dimen153
\FV@BreakSymbolIndentLeftNChars=\count272
\FV@BreakSymbolIndentRight=\dimen154
\FV@BreakSymbolIndentRightNChars=\count273
\c@FancyVerbLineBreakLast=\count274
\FV@LineBox=\box51
\FV@LineIndentBox=\box52
\FV@LineWidth=\dimen155
)
(/nix/store/asr71spp4mcjf0l7iky5zpnzk5khjs4g-texlive-combined-full-2019/share/t
exmf/tex/latex/tools/calc.sty
Package: calc 2017/05/25 v4.3 Infix arithmetic (KKT,FJ)
\calc@Acount=\count275
\calc@Bcount=\count276
\calc@Adimen=\dimen156
\calc@Bdimen=\dimen157
\calc@Askip=\skip54
\calc@Bskip=\skip55
LaTeX Info: Redefining \setlength on input line 80.
LaTeX Info: Redefining \addtolength on input line 81.
\calc@Ccount=\count277
\calc@Cskip=\skip56
)
(/nix/store/asr71spp4mcjf0l7iky5zpnzk5khjs4g-texlive-combined-full-2019/share/t
exmf/tex/latex/tools/shellesc.sty
Package: shellesc 2019/11/08 v1.0c unified shell escape interface for LaTeX
Package shellesc Info: Unrestricted shell escape enabled on input line 75.
)
(/nix/store/asr71spp4mcjf0l7iky5zpnzk5khjs4g-texlive-combined-full-2019/share/t
exmf/tex/latex/ifplatform/ifplatform.sty
Package: ifplatform 2017/10/13 v0.4a Testing for the operating system

(/nix/store/asr71spp4mcjf0l7iky5zpnzk5khjs4g-texlive-combined-full-2019/share/t
exmf/tex/latex/pdftexcmds/pdftexcmds.sty
Package: pdftexcmds 2019/11/24 v0.31 Utility functions of pdfTeX for LuaTeX (HO
)

(/nix/store/asr71spp4mcjf0l7iky5zpnzk5khjs4g-texlive-combined-full-2019/share/t
exmf/tex/generic/infwarerr/infwarerr.sty
Package: infwarerr 2019/12/03 v1.5 Providing info/warning/error messages (HO)
)
(/nix/store/asr71spp4mcjf0l7iky5zpnzk5khjs4g-texlive-combined-full-2019/share/t
exmf/tex/generic/iftex/iftex.sty
Package: iftex 2019/11/07 v1.0c TeX engine tests
)
Package pdftexcmds Info: \pdf@primitive is available.
Package pdftexcmds Info: \pdf@ifprimitive is available.
Package pdftexcmds Info: \pdfdraftmode found.
)
(/nix/store/asr71spp4mcjf0l7iky5zpnzk5khjs4g-texlive-combined-full-2019/share/t
exmf/tex/generic/catchfile/catchfile.sty
Package: catchfile 2019/12/09 v1.8 Catch the contents of a file (HO)

(/nix/store/asr71spp4mcjf0l7iky5zpnzk5khjs4g-texlive-combined-full-2019/share/t
exmf/tex/generic/etexcmds/etexcmds.sty
Package: etexcmds 2019/12/15 v1.7 Avoid name clashes with e-TeX commands (HO)
))
(/nix/store/asr71spp4mcjf0l7iky5zpnzk5khjs4g-texlive-combined-full-2019/share/t
exmf/tex/generic/iftex/ifluatex.sty
Package: ifluatex 2019/10/25 v1.5 ifluatex legacy package. Use iftex instead.
)
runsystem(uname -s > "main.w18")...executed.

 (./main.w18)
runsystem(rm -- "main.w18")...executed.

)
(/nix/store/asr71spp4mcjf0l7iky5zpnzk5khjs4g-texlive-combined-full-2019/share/t
exmf/tex/generic/xstring/xstring.sty
(/nix/store/asr71spp4mcjf0l7iky5zpnzk5khjs4g-texlive-combined-full-2019/share/t
exmf/tex/generic/xstring/xstring.tex
\integerpart=\count278
\decimalpart=\count279
)
Package: xstring 2019/02/06 v1.83 String manipulations (CT)
)
(/nix/store/asr71spp4mcjf0l7iky5zpnzk5khjs4g-texlive-combined-full-2019/share/t
exmf/tex/latex/framed/framed.sty
Package: framed 2011/10/22 v 0.96: framed or shaded text with page breaks
\OuterFrameSep=\skip57
\fb@frw=\dimen158
\fb@frh=\dimen159
\FrameRule=\dimen160
\FrameSep=\dimen161
)
(/nix/store/asr71spp4mcjf0l7iky5zpnzk5khjs4g-texlive-combined-full-2019/share/t
exmf/tex/latex/float/float.sty
Package: float 2001/11/08 v1.3d Float enhancements (AL)
\c@float@type=\count280
\float@exts=\toks22
\float@box=\box53
\@float@everytoks=\toks23
\@floatcapt=\box54
)
\minted@appexistsfile=\read3
\minted@bgbox=\box55
\minted@code=\write4
\c@minted@FancyVerbLineTemp=\count281
\c@minted@pygmentizecounter=\count282
\@float@every@listing=\toks24
\c@listing=\count283
)
runsystem(mkdir -p _minted-main)...executed.


(/nix/store/asr71spp4mcjf0l7iky5zpnzk5khjs4g-texlive-combined-full-2019/share/t
exmf/tex/latex/semantic/semantic.sty
Package: semantic 2003/10/28 v2.0(epsilon) 

Semantic Package v2.0(epsilon) [2003/10/28]
CVSId: $Id: semantic.dtx,v 1.11 2003/10/28 13:45:57 turtle Exp $
\c@@@conflict=\count284
Loading features: 

(/nix/store/asr71spp4mcjf0l7iky5zpnzk5khjs4g-texlive-combined-full-2019/share/t
exmf/tex/latex/semantic/ligature.sty
\@pushedtoks=\toks25
\@seentoks=\toks26
)  math mode ligatures,
(/nix/store/asr71spp4mcjf0l7iky5zpnzk5khjs4g-texlive-combined-full-2019/share/t
exmf/tex/latex/semantic/infernce.sty
\@@tempa=\toks27
\@@tempb=\toks28
\@@pSpace=\skip58
\@@pEnd=\skip59
\@@nSpace=\skip60
\@@aLineBox=\box56
)  inference rules,
(/nix/store/asr71spp4mcjf0l7iky5zpnzk5khjs4g-texlive-combined-full-2019/share/t
exmf/tex/latex/semantic/tdiagram.sty
\@@xShift=\count285
\@@yShift=\count286
\@@symbol=\toks29
\@@tempSymbol=\toks30
)  T diagrams,
(/nix/store/asr71spp4mcjf0l7iky5zpnzk5khjs4g-texlive-combined-full-2019/share/t
exmf/tex/latex/semantic/reserved.sty
\@@spacing=\toks31
\@@formating=\toks32
)  reserved words,
(/nix/store/asr71spp4mcjf0l7iky5zpnzk5khjs4g-texlive-combined-full-2019/share/t
exmf/tex/latex/semantic/shrthand.sty)  short hands,
and general definitions.

\@@maxwidth=\dimen162
\@@pLineBox=\box57
\@@cBox=\box58
\@@pBox=\box59
)
(/nix/store/asr71spp4mcjf0l7iky5zpnzk5khjs4g-texlive-combined-full-2019/share/t
exmf/tex/latex/l3packages/xparse/xparse.sty
(/nix/store/asr71spp4mcjf0l7iky5zpnzk5khjs4g-texlive-combined-full-2019/share/t
exmf/tex/latex/l3kernel/expl3.sty
Package: expl3 2020-02-25 L3 programming layer (loader) 

(/nix/store/asr71spp4mcjf0l7iky5zpnzk5khjs4g-texlive-combined-full-2019/share/t
exmf/tex/latex/l3backend/l3backend-pdfmode.def
File: l3backend-pdfmode.def 2020-02-23 L3 backend support: PDF mode
\l__kernel_color_stack_int=\count287
\l__pdf_internal_box=\box60
))
Package: xparse 2020-02-25 L3 Experimental document command parser
\l__xparse_current_arg_int=\count288
\g__xparse_grabber_int=\count289
\l__xparse_m_args_int=\count290
\l__xparse_v_nesting_int=\count291
)
(/nix/store/asr71spp4mcjf0l7iky5zpnzk5khjs4g-texlive-combined-full-2019/share/t
exmf/tex/latex/lm/lmodern.sty
Package: lmodern 2009/10/30 v1.6 Latin Modern Fonts
LaTeX Font Info:    Overwriting symbol font `operators' in version `normal'
(Font)                  OT1/cmr/m/n --> OT1/lmr/m/n on input line 22.
LaTeX Font Info:    Overwriting symbol font `letters' in version `normal'
(Font)                  OML/cmm/m/it --> OML/lmm/m/it on input line 23.
LaTeX Font Info:    Overwriting symbol font `symbols' in version `normal'
(Font)                  OMS/cmsy/m/n --> OMS/lmsy/m/n on input line 24.
LaTeX Font Info:    Overwriting symbol font `largesymbols' in version `normal'
(Font)                  OMX/cmex/m/n --> OMX/lmex/m/n on input line 25.
LaTeX Font Info:    Overwriting symbol font `operators' in version `bold'
(Font)                  OT1/cmr/bx/n --> OT1/lmr/bx/n on input line 26.
LaTeX Font Info:    Overwriting symbol font `letters' in version `bold'
(Font)                  OML/cmm/b/it --> OML/lmm/b/it on input line 27.
LaTeX Font Info:    Overwriting symbol font `symbols' in version `bold'
(Font)                  OMS/cmsy/b/n --> OMS/lmsy/b/n on input line 28.
LaTeX Font Info:    Overwriting symbol font `largesymbols' in version `bold'
(Font)                  OMX/cmex/m/n --> OMX/lmex/m/n on input line 29.
LaTeX Font Info:    Overwriting math alphabet `\mathbf' in version `normal'
(Font)                  OT1/cmr/bx/n --> OT1/lmr/bx/n on input line 31.
LaTeX Font Info:    Overwriting math alphabet `\mathsf' in version `normal'
(Font)                  OT1/cmss/m/n --> OT1/lmss/m/n on input line 32.
LaTeX Font Info:    Overwriting math alphabet `\mathit' in version `normal'
(Font)                  OT1/cmr/m/it --> OT1/lmr/m/it on input line 33.
LaTeX Font Info:    Overwriting math alphabet `\mathtt' in version `normal'
(Font)                  OT1/cmtt/m/n --> OT1/lmtt/m/n on input line 34.
LaTeX Font Info:    Overwriting math alphabet `\mathbf' in version `bold'
(Font)                  OT1/cmr/bx/n --> OT1/lmr/bx/n on input line 35.
LaTeX Font Info:    Overwriting math alphabet `\mathsf' in version `bold'
(Font)                  OT1/cmss/bx/n --> OT1/lmss/bx/n on input line 36.
LaTeX Font Info:    Overwriting math alphabet `\mathit' in version `bold'
(Font)                  OT1/cmr/bx/it --> OT1/lmr/bx/it on input line 37.
LaTeX Font Info:    Overwriting math alphabet `\mathtt' in version `bold'
(Font)                  OT1/cmtt/m/n --> OT1/lmtt/m/n on input line 38.
)
(/nix/store/asr71spp4mcjf0l7iky5zpnzk5khjs4g-texlive-combined-full-2019/share/t
exmf/tex/latex/tools/xspace.sty
Package: xspace 2014/10/28 v1.13 Space after command names (DPC,MH)
)
(/nix/store/asr71spp4mcjf0l7iky5zpnzk5khjs4g-texlive-combined-full-2019/share/t
exmf/tex/latex/mathpartir/mathpartir.sty
Package: mathpartir 2016/02/24 version 1.3.2 Math Paragraph for Typesetting Inf
erence Rules
\mpr@andskip=\skip61
\mpr@lista=\toks33
\mpr@listb=\toks34
\mpr@hlist=\box61
\mpr@vlist=\box62
\mpr@right=\box63
)
(/nix/store/asr71spp4mcjf0l7iky5zpnzk5khjs4g-texlive-combined-full-2019/share/t
exmf/tex/latex/stmaryrd/stmaryrd.sty
Package: stmaryrd 1994/03/03 St Mary's Road symbol package
\symstmry=\mathgroup4
LaTeX Font Info:    Overwriting symbol font `stmry' in version `bold'
(Font)                  U/stmry/m/n --> U/stmry/b/n on input line 89.
)
(/nix/store/asr71spp4mcjf0l7iky5zpnzk5khjs4g-texlive-combined-full-2019/share/t
exmf/tex/latex/booktabs/booktabs.sty
Package: booktabs 2020/01/12 v1.61803398 Publication quality tables
\heavyrulewidth=\dimen163
\lightrulewidth=\dimen164
\cmidrulewidth=\dimen165
\belowrulesep=\dimen166
\belowbottomsep=\dimen167
\aboverulesep=\dimen168
\abovetopsep=\dimen169
\cmidrulesep=\dimen170
\cmidrulekern=\dimen171
\defaultaddspace=\dimen172
\@cmidla=\count292
\@cmidlb=\count293
\@aboverulesep=\dimen173
\@belowrulesep=\dimen174
\@thisruleclass=\count294
\@lastruleclass=\count295
\@thisrulewidth=\dimen175
)
(/nix/store/asr71spp4mcjf0l7iky5zpnzk5khjs4g-texlive-combined-full-2019/share/t
exmf/tex/latex/mathtools/mathtools.sty
Package: mathtools 2020/01/17 v1.23 mathematical typesetting tools

(/nix/store/asr71spp4mcjf0l7iky5zpnzk5khjs4g-texlive-combined-full-2019/share/t
exmf/tex/latex/mathtools/mhsetup.sty
Package: mhsetup 2017/03/31 v1.3 programming setup (MH)
)
LaTeX Info: Thecontrolsequence`\('isalreadyrobust on input line 129.
LaTeX Info: Thecontrolsequence`\)'isalreadyrobust on input line 129.
LaTeX Info: Thecontrolsequence`\['isalreadyrobust on input line 129.
LaTeX Info: Thecontrolsequence`\]'isalreadyrobust on input line 129.
\g_MT_multlinerow_int=\count296
\l_MT_multwidth_dim=\dimen176
\origjot=\skip62
\l_MT_shortvdotswithinadjustabove_dim=\dimen177
\l_MT_shortvdotswithinadjustbelow_dim=\dimen178
\l_MT_above_intertext_sep=\dimen179
\l_MT_below_intertext_sep=\dimen180
\l_MT_above_shortintertext_sep=\dimen181
\l_MT_below_shortintertext_sep=\dimen182
)
(/nix/store/asr71spp4mcjf0l7iky5zpnzk5khjs4g-texlive-combined-full-2019/share/t
exmf/tex/latex/amsfonts/amssymb.sty
Package: amssymb 2013/01/14 v3.01 AMS font symbols

(/nix/store/asr71spp4mcjf0l7iky5zpnzk5khjs4g-texlive-combined-full-2019/share/t
exmf/tex/latex/amsfonts/amsfonts.sty
Package: amsfonts 2013/01/14 v3.01 Basic AMSFonts support
\symAMSa=\mathgroup5
\symAMSb=\mathgroup6
LaTeX Font Info:    Redeclaring math symbol \hbar on input line 98.
LaTeX Font Info:    Overwriting math alphabet `\mathfrak' in version `bold'
(Font)                  U/euf/m/n --> U/euf/b/n on input line 106.
)
LaTeX Font Info:    Redeclaring math symbol \boxdot on input line 44.
)
(/nix/store/asr71spp4mcjf0l7iky5zpnzk5khjs4g-texlive-combined-full-2019/share/t
exmf/tex/latex/listings/listings.sty
\lst@mode=\count297
\lst@gtempboxa=\box64
\lst@token=\toks35
\lst@length=\count298
\lst@currlwidth=\dimen183
\lst@column=\count299
\lst@pos=\count300
\lst@lostspace=\dimen184
\lst@width=\dimen185
\lst@newlines=\count301
\lst@lineno=\count302
\lst@maxwidth=\dimen186

(/nix/store/asr71spp4mcjf0l7iky5zpnzk5khjs4g-texlive-combined-full-2019/share/t
exmf/tex/latex/listings/lstmisc.sty
File: lstmisc.sty 2019/09/10 1.8c (Carsten Heinz)
\c@lstnumber=\count303
\lst@skipnumbers=\count304
\lst@framebox=\box65
)
(/nix/store/asr71spp4mcjf0l7iky5zpnzk5khjs4g-texlive-combined-full-2019/share/t
exmf/tex/latex/listings/listings.cfg
File: listings.cfg 2019/09/10 1.8c listings configuration
))
Package: listings 2019/09/10 1.8c (Carsten Heinz)

(/nix/store/asr71spp4mcjf0l7iky5zpnzk5khjs4g-texlive-combined-full-2019/share/t
exmf/tex/latex/xcolor/xcolor.sty
Package: xcolor 2016/05/11 v2.12 LaTeX color extensions (UK)

(/nix/store/asr71spp4mcjf0l7iky5zpnzk5khjs4g-texlive-combined-full-2019/share/t
exmf/tex/latex/graphics-cfg/color.cfg
File: color.cfg 2016/01/02 v1.6 sample color configuration
)
Package xcolor Info: Driver file: pdftex.def on input line 225.

(/nix/store/asr71spp4mcjf0l7iky5zpnzk5khjs4g-texlive-combined-full-2019/share/t
exmf/tex/latex/graphics-def/pdftex.def
File: pdftex.def 2018/01/08 v1.0l Graphics/color driver for pdftex
)
Package xcolor Info: Model `cmy' substituted by `cmy0' on input line 1348.
Package xcolor Info: Model `hsb' substituted by `rgb' on input line 1352.
Package xcolor Info: Model `RGB' extended on input line 1364.
Package xcolor Info: Model `HTML' substituted by `rgb' on input line 1366.
Package xcolor Info: Model `Hsb' substituted by `hsb' on input line 1367.
Package xcolor Info: Model `tHsb' substituted by `hsb' on input line 1368.
Package xcolor Info: Model `HSB' substituted by `hsb' on input line 1369.
Package xcolor Info: Model `Gray' substituted by `gray' on input line 1370.
Package xcolor Info: Model `wave' substituted by `hsb' on input line 1371.
))
(/nix/store/asr71spp4mcjf0l7iky5zpnzk5khjs4g-texlive-combined-full-2019/share/t
exmf/tex/latex/base/textcomp.sty
Package: textcomp 2020/02/02 v2.0n Standard LaTeX package
)
runsystem(which pygmentize && touch main.aex)...executed.



! Package minted Error: You must have `pygmentize' installed to use this packag
e.

See the minted package documentation for explanation.
Type  H <return>  for immediate help.
 ...                                              
                                                  
l.4 \begin{document}
                    
Refer to the installation instructions in the minted documentation for more inf
ormation.

(./main.aux)
\openout1 = `main.aux'.

LaTeX Font Info:    Checking defaults for OML/cmm/m/it on input line 4.
LaTeX Font Info:    ... okay on input line 4.
LaTeX Font Info:    Checking defaults for OMS/cmsy/m/n on input line 4.
LaTeX Font Info:    ... okay on input line 4.
LaTeX Font Info:    Checking defaults for OT1/cmr/m/n on input line 4.
LaTeX Font Info:    ... okay on input line 4.
LaTeX Font Info:    Checking defaults for T1/cmr/m/n on input line 4.
LaTeX Font Info:    ... okay on input line 4.
LaTeX Font Info:    Checking defaults for TS1/cmr/m/n on input line 4.
LaTeX Font Info:    ... okay on input line 4.
LaTeX Font Info:    Checking defaults for OMX/cmex/m/n on input line 4.
LaTeX Font Info:    ... okay on input line 4.
LaTeX Font Info:    Checking defaults for U/cmr/m/n on input line 4.
LaTeX Font Info:    ... okay on input line 4.
LaTeX Font Info:    Trying to load font information for OT1+lmr on input line 4
.

(/nix/store/asr71spp4mcjf0l7iky5zpnzk5khjs4g-texlive-combined-full-2019/share/t
exmf/tex/latex/lm/ot1lmr.fd
File: ot1lmr.fd 2009/10/30 v1.6 Font defs for Latin Modern
)
(/nix/store/asr71spp4mcjf0l7iky5zpnzk5khjs4g-texlive-combined-full-2019/share/t
exmf/tex/latex/graphics/graphicx.sty
Package: graphicx 2019/11/30 v1.2a Enhanced LaTeX Graphics (DPC,SPQR)

(/nix/store/asr71spp4mcjf0l7iky5zpnzk5khjs4g-texlive-combined-full-2019/share/t
exmf/tex/latex/graphics/graphics.sty
Package: graphics 2019/11/30 v1.4a Standard LaTeX Graphics (DPC,SPQR)

(/nix/store/asr71spp4mcjf0l7iky5zpnzk5khjs4g-texlive-combined-full-2019/share/t
exmf/tex/latex/graphics/trig.sty
Package: trig 2016/01/03 v1.10 sin cos tan (DPC)
)
(/nix/store/asr71spp4mcjf0l7iky5zpnzk5khjs4g-texlive-combined-full-2019/share/t
exmf/tex/latex/graphics-cfg/graphics.cfg
File: graphics.cfg 2016/06/04 v1.11 sample graphics configuration
)
Package graphics Info: Driver file: pdftex.def on input line 105.
)
\Gin@req@height=\dimen187
\Gin@req@width=\dimen188
)
\c@lstlisting=\count305

(/nix/store/asr71spp4mcjf0l7iky5zpnzk5khjs4g-texlive-combined-full-2019/share/t
exmf/tex/context/base/mkii/supp-pdf.mkii
[Loading MPS to PDF converter (version 2006.09.02).]
\scratchcounter=\count306
\scratchdimen=\dimen189
\scratchbox=\box66
\nofMPsegments=\count307
\nofMParguments=\count308
\everyMPshowfont=\toks36
\MPscratchCnt=\count309
\MPscratchDim=\dimen190
\MPnumerator=\count310
\makeMPintoPDFobject=\count311
\everyMPtoPDFconversion=\toks37
)
(/nix/store/asr71spp4mcjf0l7iky5zpnzk5khjs4g-texlive-combined-full-2019/share/t
exmf/tex/latex/epstopdf-pkg/epstopdf-base.sty
Package: epstopdf-base 2020-01-24 v2.11 Base part for package epstopdf
Package epstopdf-base Info: Redefining graphics rule for `.eps' on input line 4
85.

(/nix/store/asr71spp4mcjf0l7iky5zpnzk5khjs4g-texlive-combined-full-2019/share/t
exmf/tex/latex/latexconfig/epstopdf-sys.cfg
File: epstopdf-sys.cfg 2010/07/13 v1.3 Configuration of (r)epstopdf for TeX Liv
e
))
LaTeX Font Info:    Trying to load font information for OML+lmm on input line 8
.

(/nix/store/asr71spp4mcjf0l7iky5zpnzk5khjs4g-texlive-combined-full-2019/share/t
exmf/tex/latex/lm/omllmm.fd
File: omllmm.fd 2009/10/30 v1.6 Font defs for Latin Modern
)
LaTeX Font Info:    Trying to load font information for OMS+lmsy on input line 
8.

(/nix/store/asr71spp4mcjf0l7iky5zpnzk5khjs4g-texlive-combined-full-2019/share/t
exmf/tex/latex/lm/omslmsy.fd
File: omslmsy.fd 2009/10/30 v1.6 Font defs for Latin Modern
)
LaTeX Font Info:    Trying to load font information for OMX+lmex on input line 
8.

(/nix/store/asr71spp4mcjf0l7iky5zpnzk5khjs4g-texlive-combined-full-2019/share/t
exmf/tex/latex/lm/omxlmex.fd
File: omxlmex.fd 2009/10/30 v1.6 Font defs for Latin Modern
)
LaTeX Font Info:    External font `lmex10' loaded for size
(Font)              <10> on input line 8.
LaTeX Font Info:    External font `lmex10' loaded for size
(Font)              <7> on input line 8.
LaTeX Font Info:    External font `lmex10' loaded for size
(Font)              <5> on input line 8.
LaTeX Font Info:    Trying to load font information for U+stmry on input line 8
.

(/nix/store/asr71spp4mcjf0l7iky5zpnzk5khjs4g-texlive-combined-full-2019/share/t
exmf/tex/latex/stmaryrd/Ustmry.fd)
LaTeX Font Info:    Trying to load font information for U+msa on input line 8.

(/nix/store/asr71spp4mcjf0l7iky5zpnzk5khjs4g-texlive-combined-full-2019/share/t
exmf/tex/latex/amsfonts/umsa.fd
File: umsa.fd 2013/01/14 v3.01 AMS symbols A
)
LaTeX Font Info:    Trying to load font information for U+msb on input line 8.

(/nix/store/asr71spp4mcjf0l7iky5zpnzk5khjs4g-texlive-combined-full-2019/share/t
exmf/tex/latex/amsfonts/umsb.fd
File: umsb.fd 2013/01/14 v3.01 AMS symbols B
)
LaTeX Font Info:    Trying to load font information for OT1+lmtt on input line 
19.

(/nix/store/asr71spp4mcjf0l7iky5zpnzk5khjs4g-texlive-combined-full-2019/share/t
exmf/tex/latex/lm/ot1lmtt.fd
File: ot1lmtt.fd 2009/10/30 v1.6 Font defs for Latin Modern
)
LaTeX Font Info:    Trying to load font information for OT1+pcr on input line 2
4.

(/nix/store/asr71spp4mcjf0l7iky5zpnzk5khjs4g-texlive-combined-full-2019/share/t
exmf/tex/latex/psnfss/ot1pcr.fd
File: ot1pcr.fd 2001/06/04 font definitions for OT1/pcr.
) [1

{/nix/store/asr71spp4mcjf0l7iky5zpnzk5khjs4g-texlive-combined-full-2019/share/t
exmf-var/fonts/map/pdftex/updmap/pdftex.map}]
LaTeX Font Info:    External font `lmex10' loaded for size
(Font)              <9> on input line 183.
LaTeX Font Info:    External font `lmex10' loaded for size
(Font)              <6> on input line 183.
 [2] [3]
\openout3 = `main.pyg'.

 (./_minted-main/default-pyg-prefix.pygstyle)
(./_minted-main/default.pygstyle)
runsystem(pygmentize -l rust -f latex -P commandprefix=PYG -F tokenmerge -o _mi
nted-main/B0E346EF984727D8F946713B7172A8DF0236DA2DB8B0B014C4E4FF3372C44164.pygt
ex main.pyg)...executed.



! Package minted Error: Missing Pygments output; \inputminted was
probably given a file that does not exist--otherwise, you may need 
the outputdir package option, or may be using an incompatible build tool,
or may be using frozencache with a missing file.

See the minted package documentation for explanation.
Type  H <return>  for immediate help.
 ...                                              
                                                  
l.311 \end{minted}
                  
This could be caused by using -output-directory or -aux-directory 
without setting minted's outputdir, or by using a build tool that 
changes paths in ways minted cannot detect, 
or using frozencache with a missing file.

\openout3 = `main.pyg'.

runsystem(pygmentize -l rust -f latex -P commandprefix=PYG -F tokenmerge -o _mi
nted-main/B10DED1FCFE4DC07763A43B8B1A7DCB90236DA2DB8B0B014C4E4FF3372C44164.pygt
ex main.pyg)...executed.


! Package minted Error: Missing Pygments output; \inputminted was
probably given a file that does not exist--otherwise, you may need 
the outputdir package option, or may be using an incompatible build tool,
or may be using frozencache with a missing file.

See the minted package documentation for explanation.
Type  H <return>  for immediate help.
 ...                                              
                                                  
l.337 \end{minted}
                  
This could be caused by using -output-directory or -aux-directory 
without setting minted's outputdir, or by using a build tool that 
changes paths in ways minted cannot detect, 
or using frozencache with a missing file.

[4]
\openout3 = `main.pyg'.

runsystem(pygmentize -l rust -f latex -P commandprefix=PYG -F tokenmerge -P "es
capeinside=%%" -o _minted-main/A2CC1B41F4BC0354A85F8DBC4472E73FBB5F64B14C545538
E26CC59C3A4AA2E7.pygtex main.pyg)...executed.



! Package minted Error: Missing Pygments output; \inputminted was
probably given a file that does not exist--otherwise, you may need 
the outputdir package option, or may be using an incompatible build tool,
or may be using frozencache with a missing file.

See the minted package documentation for explanation.
Type  H <return>  for immediate help.
 ...                                              
                                                  
l.365 \end{minted}
                  
This could be caused by using -output-directory or -aux-directory 
without setting minted's outputdir, or by using a build tool that 
changes paths in ways minted cannot detect, 
or using frozencache with a missing file.

\openout3 = `main.pyg'.

runsystem(pygmentize -l rust -f latex -P commandprefix=PYG -F tokenmerge -o _mi
nted-main/389E49FD0E629B749D923B6B3629D38A0236DA2DB8B0B014C4E4FF3372C44164.pygt
ex main.pyg)...executed.


! Package minted Error: Missing Pygments output; \inputminted was
probably given a file that does not exist--otherwise, you may need 
the outputdir package option, or may be using an incompatible build tool,
or may be using frozencache with a missing file.

See the minted package documentation for explanation.
Type  H <return>  for immediate help.
 ...                                              
                                                  
l.393 \end{minted}
                  
This could be caused by using -output-directory or -aux-directory 
without setting minted's outputdir, or by using a build tool that 
changes paths in ways minted cannot detect, 
or using frozencache with a missing file.

\openout3 = `main.pyg'.

runsystem(pygmentize -l rust -f latex -P commandprefix=PYG -F tokenmerge -o _mi
nted-main/C9D173036C258E5FA6A45E6480EF5B3A0236DA2DB8B0B014C4E4FF3372C44164.pygt
ex main.pyg)...executed.


! Package minted Error: Missing Pygments output; \inputminted was
probably given a file that does not exist--otherwise, you may need 
the outputdir package option, or may be using an incompatible build tool,
or may be using frozencache with a missing file.

See the minted package documentation for explanation.
Type  H <return>  for immediate help.
 ...                                              
                                                  
l.441 \end{minted}
                  
This could be caused by using -output-directory or -aux-directory 
without setting minted's outputdir, or by using a build tool that 
changes paths in ways minted cannot detect, 
or using frozencache with a missing file.

[5

] [6]
\openout3 = `main.pyg'.

runsystem(pygmentize -l rust -f latex -P commandprefix=PYG -F tokenmerge -o _mi
nted-main/EB5A25A096A4AECAD1B76D5659D299660236DA2DB8B0B014C4E4FF3372C44164.pygt
ex main.pyg)...executed.



! Package minted Error: Missing Pygments output; \inputminted was
probably given a file that does not exist--otherwise, you may need 
the outputdir package option, or may be using an incompatible build tool,
or may be using frozencache with a missing file.

See the minted package documentation for explanation.
Type  H <return>  for immediate help.
 ...                                              
                                                  
l.482 \end{minted}
                  
This could be caused by using -output-directory or -aux-directory 
without setting minted's outputdir, or by using a build tool that 
changes paths in ways minted cannot detect, 
or using frozencache with a missing file.

[7

] (./main.aux)
runsystem(rm main.pyg)...executed.

 ) 
Here is how much of TeX's memory you used:
 9937 strings out of 480994
 172963 string characters out of 5888645
 480954 words of memory out of 5000000
 25211 multiletter control sequences out of 15000+600000
 600157 words of font info for 86 fonts, out of 8000000 for 9000
 1141 hyphenation exceptions out of 8191
 44i,15n,51p,853b,1630s stack positions out of 5000i,500n,10000p,200000b,80000s
{/nix/store/asr71spp4mcjf0l7iky5zpnzk5khjs4g-texlive-combined-full-2019/share
/texmf/fonts/enc/dvips/lm/lm-rm.enc}{/nix/store/asr71spp4mcjf0l7iky5zpnzk5khjs4
g-texlive-combined-full-2019/share/texmf/fonts/enc/dvips/lm/lm-mathit.enc}{/nix
/store/asr71spp4mcjf0l7iky5zpnzk5khjs4g-texlive-combined-full-2019/share/texmf/
fonts/enc/dvips/base/8r.enc}{/nix/store/asr71spp4mcjf0l7iky5zpnzk5khjs4g-texliv
e-combined-full-2019/share/texmf/fonts/enc/dvips/lm/lm-mathex.enc}{/nix/store/a
sr71spp4mcjf0l7iky5zpnzk5khjs4g-texlive-combined-full-2019/share/texmf/fonts/en
c/dvips/lm/lm-mathsy.enc}{/nix/store/asr71spp4mcjf0l7iky5zpnzk5khjs4g-texlive-c
ombined-full-2019/share/texmf/fonts/enc/dvips/lm/lm-rmsc.enc}{/nix/store/asr71s
pp4mcjf0l7iky5zpnzk5khjs4g-texlive-combined-full-2019/share/texmf/fonts/enc/dvi
ps/lm/lm-rmtt.enc}</nix/store/asr71spp4mcjf0l7iky5zpnzk5khjs4g-texlive-combined
-full-2019/share/texmf/fonts/type1/public/lm/lmbx10.pfb></nix/store/asr71spp4mc
jf0l7iky5zpnzk5khjs4g-texlive-combined-full-2019/share/texmf/fonts/type1/public
/lm/lmbx12.pfb></nix/store/asr71spp4mcjf0l7iky5zpnzk5khjs4g-texlive-combined-fu
ll-2019/share/texmf/fonts/type1/public/lm/lmcsc10.pfb></nix/store/asr71spp4mcjf
0l7iky5zpnzk5khjs4g-texlive-combined-full-2019/share/texmf/fonts/type1/public/l
m/lmex10.pfb></nix/store/asr71spp4mcjf0l7iky5zpnzk5khjs4g-texlive-combined-full
-2019/share/texmf/fonts/type1/public/lm/lmmi10.pfb></nix/store/asr71spp4mcjf0l7
iky5zpnzk5khjs4g-texlive-combined-full-2019/share/texmf/fonts/type1/public/lm/l
mmi7.pfb></nix/store/asr71spp4mcjf0l7iky5zpnzk5khjs4g-texlive-combined-full-201
9/share/texmf/fonts/type1/public/lm/lmmi9.pfb></nix/store/asr71spp4mcjf0l7iky5z
pnzk5khjs4g-texlive-combined-full-2019/share/texmf/fonts/type1/public/lm/lmr10.
pfb></nix/store/asr71spp4mcjf0l7iky5zpnzk5khjs4g-texlive-combined-full-2019/sha
re/texmf/fonts/type1/public/lm/lmr5.pfb></nix/store/asr71spp4mcjf0l7iky5zpnzk5k
hjs4g-texlive-combined-full-2019/share/texmf/fonts/type1/public/lm/lmr6.pfb></n
ix/store/asr71spp4mcjf0l7iky5zpnzk5khjs4g-texlive-combined-full-2019/share/texm
f/fonts/type1/public/lm/lmr7.pfb></nix/store/asr71spp4mcjf0l7iky5zpnzk5khjs4g-t
exlive-combined-full-2019/share/texmf/fonts/type1/public/lm/lmr9.pfb></nix/stor
e/asr71spp4mcjf0l7iky5zpnzk5khjs4g-texlive-combined-full-2019/share/texmf/fonts
/type1/public/lm/lmri10.pfb></nix/store/asr71spp4mcjf0l7iky5zpnzk5khjs4g-texliv
e-combined-full-2019/share/texmf/fonts/type1/public/lm/lmsy10.pfb></nix/store/a
sr71spp4mcjf0l7iky5zpnzk5khjs4g-texlive-combined-full-2019/share/texmf/fonts/ty
pe1/public/lm/lmsy7.pfb></nix/store/asr71spp4mcjf0l7iky5zpnzk5khjs4g-texlive-co
mbined-full-2019/share/texmf/fonts/type1/public/lm/lmsy9.pfb></nix/store/asr71s
pp4mcjf0l7iky5zpnzk5khjs4g-texlive-combined-full-2019/share/texmf/fonts/type1/p
ublic/lm/lmtt10.pfb></nix/store/asr71spp4mcjf0l7iky5zpnzk5khjs4g-texlive-combin
ed-full-2019/share/texmf/fonts/type1/public/amsfonts/symbols/msam10.pfb></nix/s
tore/asr71spp4mcjf0l7iky5zpnzk5khjs4g-texlive-combined-full-2019/share/texmf/fo
nts/type1/public/stmaryrd/stmary10.pfb></nix/store/asr71spp4mcjf0l7iky5zpnzk5kh
js4g-texlive-combined-full-2019/share/texmf/fonts/type1/public/stmaryrd/stmary9
.pfb></nix/store/asr71spp4mcjf0l7iky5zpnzk5khjs4g-texlive-combined-full-2019/sh
are/texmf/fonts/type1/urw/courier/ucrb8a.pfb></nix/store/asr71spp4mcjf0l7iky5zp
nzk5khjs4g-texlive-combined-full-2019/share/texmf/fonts/type1/urw/courier/ucrr8
a.pfb>
Output written on main.pdf (7 pages, 303310 bytes).
PDF statistics:
 123 PDF objects out of 1000 (max. 8388607)
 91 compressed objects within 1 object stream
 0 named destinations out of 1000 (max. 500000)
 1 words of extra memory for PDF output out of 10000 (max. 10000000)

